<?xml version="1.0" encoding="UTF-8"?>
<coverage generated="1753611164742" clover="3.2.0">
  <project timestamp="1753611164742" name="All files">
    <metrics statements="27" coveredstatements="3" conditionals="34" coveredconditionals="0" methods="7" coveredmethods="0" elements="68" coveredelements="3" complexity="0" loc="27" ncloc="27" packages="2" files="2" classes="2"/>
    <package name="pages.login">
      <metrics statements="18" coveredstatements="0" conditionals="32" coveredconditionals="0" methods="4" coveredmethods="0"/>
      <file name="Login.tsx" path="D:\learning\loginflow\src\pages\login\Login.tsx">
        <metrics statements="18" coveredstatements="0" conditionals="32" coveredconditionals="0" methods="4" coveredmethods="0"/>
        <line num="14" count="0" type="stmt"/>
        <line num="25" count="0" type="stmt"/>
        <line num="26" count="0" type="stmt"/>
        <line num="27" count="0" type="stmt"/>
        <line num="28" count="0" type="stmt"/>
        <line num="30" count="0" type="stmt"/>
        <line num="31" count="0" type="stmt"/>
        <line num="32" count="0" type="stmt"/>
        <line num="33" count="0" type="stmt"/>
        <line num="34" count="0" type="stmt"/>
        <line num="35" count="0" type="cond" truecount="0" falsecount="4"/>
        <line num="36" count="0" type="stmt"/>
        <line num="37" count="0" type="stmt"/>
        <line num="39" count="0" type="stmt"/>
        <line num="43" count="0" type="stmt"/>
        <line num="47" count="0" type="stmt"/>
        <line num="62" count="0" type="stmt"/>
        <line num="78" count="0" type="stmt"/>
      </file>
    </package>
    <package name="redux.auth">
      <metrics statements="9" coveredstatements="3" conditionals="2" coveredconditionals="0" methods="3" coveredmethods="0"/>
      <file name="authSlice.ts" path="D:\learning\loginflow\src\redux\auth\authSlice.ts">
        <metrics statements="9" coveredstatements="3" conditionals="2" coveredconditionals="0" methods="3" coveredmethods="0"/>
        <line num="11" count="1" type="stmt"/>
        <line num="18" count="1" type="stmt"/>
        <line num="21" count="0" type="stmt"/>
        <line num="22" count="0" type="stmt"/>
        <line num="23" count="0" type="stmt"/>
        <line num="25" count="0" type="stmt"/>
        <line num="26" count="0" type="cond" truecount="0" falsecount="2"/>
        <line num="31" count="1" type="stmt"/>
        <line num="37" count="0" type="stmt"/>
      </file>
    </package>
  </project>
</coverage>
