{"D:\\learning\\loginflow\\src\\pages\\login\\Login.tsx": {"path":"D:\\learning\\loginflow\\src\\pages\\login\\Login.tsx","statementMap":{"0":{"start":{"line":14,"column":24},"end":{"line":23,"column":6}},"1":{"start":{"line":25,"column":44},"end":{"line":25,"column":59}},"2":{"start":{"line":26,"column":21},"end":{"line":26,"column":34}},"3":{"start":{"line":27,"column":30},"end":{"line":27,"column":40}},"4":{"start":{"line":28,"column":21},"end":{"line":28,"column":34}},"5":{"start":{"line":30,"column":25},"end":{"line":45,"column":5}},"6":{"start":{"line":31,"column":8},"end":{"line":44,"column":9}},"7":{"start":{"line":32,"column":27},"end":{"line":32,"column":70}},"8":{"start":{"line":33,"column":12},"end":{"line":33,"column":31}},"9":{"start":{"line":34,"column":25},"end":{"line":34,"column":37}},"10":{"start":{"line":35,"column":12},"end":{"line":40,"column":13}},"11":{"start":{"line":36,"column":16},"end":{"line":36,"column":54}},"12":{"start":{"line":37,"column":16},"end":{"line":37,"column":46}},"13":{"start":{"line":39,"column":16},"end":{"line":39,"column":33}},"14":{"start":{"line":43,"column":12},"end":{"line":43,"column":28}},"15":{"start":{"line":47,"column":4},"end":{"line":103,"column":5}},"16":{"start":{"line":62,"column":32},"end":{"line":96,"column":39}},"17":{"start":{"line":78,"column":63},"end":{"line":78,"column":93}}},"fnMap":{"0":{"name":"Login","decl":{"start":{"line":12,"column":24},"end":{"line":12,"column":29}},"loc":{"start":{"line":12,"column":32},"end":{"line":104,"column":1}},"line":12},"1":{"name":"(anonymous_1)","decl":{"start":{"line":30,"column":25},"end":{"line":30,"column":26}},"loc":{"start":{"line":30,"column":48},"end":{"line":45,"column":5}},"line":30},"2":{"name":"(anonymous_2)","decl":{"start":{"line":61,"column":29},"end":{"line":61,"column":30}},"loc":{"start":{"line":62,"column":32},"end":{"line":96,"column":39}},"line":62},"3":{"name":"(anonymous_3)","decl":{"start":{"line":78,"column":57},"end":{"line":78,"column":58}},"loc":{"start":{"line":78,"column":63},"end":{"line":78,"column":93}},"line":78}},"branchMap":{"0":{"loc":{"start":{"line":35,"column":12},"end":{"line":40,"column":13}},"type":"if","locations":[{"start":{"line":35,"column":12},"end":{"line":40,"column":13}},{"start":{},"end":{}}],"line":35},"1":{"loc":{"start":{"line":35,"column":16},"end":{"line":35,"column":46}},"type":"binary-expr","locations":[{"start":{"line":35,"column":16},"end":{"line":35,"column":32}},{"start":{"line":35,"column":36},"end":{"line":35,"column":46}}],"line":35},"2":{"loc":{"start":{"line":64,"column":72},"end":{"line":64,"column":121}},"type":"cond-expr","locations":[{"start":{"line":64,"column":104},"end":{"line":64,"column":116}},{"start":{"line":64,"column":119},"end":{"line":64,"column":121}}],"line":64},"3":{"loc":{"start":{"line":64,"column":72},"end":{"line":64,"column":101}},"type":"binary-expr","locations":[{"start":{"line":64,"column":72},"end":{"line":64,"column":85}},{"start":{"line":64,"column":89},"end":{"line":64,"column":101}}],"line":64},"4":{"loc":{"start":{"line":66,"column":37},"end":{"line":66,"column":130}},"type":"cond-expr","locations":[{"start":{"line":66,"column":69},"end":{"line":66,"column":123}},{"start":{"line":66,"column":126},"end":{"line":66,"column":130}}],"line":66},"5":{"loc":{"start":{"line":66,"column":37},"end":{"line":66,"column":66}},"type":"binary-expr","locations":[{"start":{"line":66,"column":37},"end":{"line":66,"column":49}},{"start":{"line":66,"column":53},"end":{"line":66,"column":66}}],"line":66},"6":{"loc":{"start":{"line":70,"column":50},"end":{"line":70,"column":84}},"type":"cond-expr","locations":[{"start":{"line":70,"column":65},"end":{"line":70,"column":71}},{"start":{"line":70,"column":74},"end":{"line":70,"column":84}}],"line":70},"7":{"loc":{"start":{"line":72,"column":76},"end":{"line":72,"column":131}},"type":"cond-expr","locations":[{"start":{"line":72,"column":114},"end":{"line":72,"column":126}},{"start":{"line":72,"column":129},"end":{"line":72,"column":131}}],"line":72},"8":{"loc":{"start":{"line":72,"column":76},"end":{"line":72,"column":111}},"type":"binary-expr","locations":[{"start":{"line":72,"column":76},"end":{"line":72,"column":92}},{"start":{"line":72,"column":96},"end":{"line":72,"column":111}}],"line":72},"9":{"loc":{"start":{"line":76,"column":41},"end":{"line":90,"column":41}},"type":"binary-expr","locations":[{"start":{"line":76,"column":41},"end":{"line":76,"column":67}},{"start":{"line":77,"column":44},"end":{"line":89,"column":50}}],"line":76},"10":{"loc":{"start":{"line":82,"column":59},"end":{"line":82,"column":112}},"type":"cond-expr","locations":[{"start":{"line":82,"column":97},"end":{"line":82,"column":103}},{"start":{"line":82,"column":106},"end":{"line":82,"column":112}}],"line":82},"11":{"loc":{"start":{"line":82,"column":59},"end":{"line":82,"column":94}},"type":"binary-expr","locations":[{"start":{"line":82,"column":59},"end":{"line":82,"column":75}},{"start":{"line":82,"column":79},"end":{"line":82,"column":94}}],"line":82},"12":{"loc":{"start":{"line":88,"column":49},"end":{"line":88,"column":84}},"type":"cond-expr","locations":[{"start":{"line":88,"column":64},"end":{"line":88,"column":71}},{"start":{"line":88,"column":74},"end":{"line":88,"column":84}}],"line":88},"13":{"loc":{"start":{"line":93,"column":37},"end":{"line":93,"column":122}},"type":"binary-expr","locations":[{"start":{"line":93,"column":37},"end":{"line":93,"column":42}},{"start":{"line":93,"column":46},"end":{"line":93,"column":122}}],"line":93},"14":{"loc":{"start":{"line":94,"column":37},"end":{"line":94,"column":144}},"type":"cond-expr","locations":[{"start":{"line":94,"column":75},"end":{"line":94,"column":137}},{"start":{"line":94,"column":140},"end":{"line":94,"column":144}}],"line":94},"15":{"loc":{"start":{"line":94,"column":37},"end":{"line":94,"column":72}},"type":"binary-expr","locations":[{"start":{"line":94,"column":37},"end":{"line":94,"column":52}},{"start":{"line":94,"column":56},"end":{"line":94,"column":72}}],"line":94}},"s":{"0":0,"1":0,"2":0,"3":0,"4":0,"5":0,"6":0,"7":0,"8":0,"9":0,"10":0,"11":0,"12":0,"13":0,"14":0,"15":0,"16":0,"17":0},"f":{"0":0,"1":0,"2":0,"3":0},"b":{"0":[0,0],"1":[0,0],"2":[0,0],"3":[0,0],"4":[0,0],"5":[0,0],"6":[0,0],"7":[0,0],"8":[0,0],"9":[0,0],"10":[0,0],"11":[0,0],"12":[0,0],"13":[0,0],"14":[0,0],"15":[0,0]},"_coverageSchema":"1a1c01bbd47fc00a2c39e90264f33305004495a9","hash":"7bc42b57f7c4f84e0d7483fab25c55b06c636e86"}
,"D:\\learning\\loginflow\\src\\redux\\auth\\authSlice.ts": {"path":"D:\\learning\\loginflow\\src\\redux\\auth\\authSlice.ts","statementMap":{"0":{"start":{"line":11,"column":32},"end":{"line":16,"column":1}},"1":{"start":{"line":18,"column":21},"end":{"line":29,"column":1}},"2":{"start":{"line":21,"column":8},"end":{"line":27,"column":9}},"3":{"start":{"line":22,"column":29},"end":{"line":22,"column":97}},"4":{"start":{"line":23,"column":12},"end":{"line":23,"column":28}},"5":{"start":{"line":25,"column":26},"end":{"line":25,"column":64}},"6":{"start":{"line":26,"column":12},"end":{"line":26,"column":85}},"7":{"start":{"line":31,"column":19},"end":{"line":40,"column":2}},"8":{"start":{"line":37,"column":8},"end":{"line":38,"column":10}}},"fnMap":{"0":{"name":"(anonymous_0)","decl":{"start":{"line":20,"column":4},"end":{"line":20,"column":5}},"loc":{"start":{"line":20,"column":44},"end":{"line":28,"column":5}},"line":20},"1":{"name":"(anonymous_1)","decl":{"start":{"line":36,"column":19},"end":{"line":36,"column":20}},"loc":{"start":{"line":36,"column":32},"end":{"line":39,"column":5}},"line":36},"2":{"name":"(anonymous_2)","decl":{"start":{"line":37,"column":39},"end":{"line":37,"column":40}},"loc":{"start":{"line":37,"column":58},"end":{"line":38,"column":9}},"line":37}},"branchMap":{"0":{"loc":{"start":{"line":26,"column":35},"end":{"line":26,"column":83}},"type":"binary-expr","locations":[{"start":{"line":26,"column":35},"end":{"line":26,"column":65}},{"start":{"line":26,"column":69},"end":{"line":26,"column":83}}],"line":26}},"s":{"0":1,"1":1,"2":0,"3":0,"4":0,"5":0,"6":0,"7":1,"8":0},"f":{"0":0,"1":0,"2":0},"b":{"0":[0,0]},"_coverageSchema":"1a1c01bbd47fc00a2c39e90264f33305004495a9","hash":"44d447d1d7767352da6668cc18c82e360a77ef9c"}
}
