TN:
SF:src\pages\login\Login.tsx
FN:12,Login
FN:30,(anonymous_1)
FN:61,(anonymous_2)
FN:78,(anonymous_3)
FNF:4
FNH:0
FNDA:0,Login
FNDA:0,(anonymous_1)
FNDA:0,(anonymous_2)
FNDA:0,(anonymous_3)
DA:14,0
DA:25,0
DA:26,0
DA:27,0
DA:28,0
DA:30,0
DA:31,0
DA:32,0
DA:33,0
DA:34,0
DA:35,0
DA:36,0
DA:37,0
DA:39,0
DA:43,0
DA:47,0
DA:62,0
DA:78,0
LF:18
LH:0
BRDA:35,0,0,0
BRDA:35,0,1,0
BRDA:35,1,0,0
BRDA:35,1,1,0
BRDA:64,2,0,0
BRDA:64,2,1,0
BRDA:64,3,0,0
BRDA:64,3,1,0
BRDA:66,4,0,0
BRDA:66,4,1,0
BRDA:66,5,0,0
BRDA:66,5,1,0
BRDA:70,6,0,0
BRDA:70,6,1,0
BRDA:72,7,0,0
BRDA:72,7,1,0
BRDA:72,8,0,0
BRDA:72,8,1,0
BRDA:76,9,0,0
BRDA:76,9,1,0
BRDA:82,10,0,0
BRDA:82,10,1,0
BRDA:82,11,0,0
BRDA:82,11,1,0
BRDA:88,12,0,0
BRDA:88,12,1,0
BRDA:93,13,0,0
BRDA:93,13,1,0
BRDA:94,14,0,0
BRDA:94,14,1,0
BRDA:94,15,0,0
BRDA:94,15,1,0
BRF:32
BRH:0
end_of_record
TN:
SF:src\redux\auth\authSlice.ts
FN:20,(anonymous_0)
FN:36,(anonymous_1)
FN:37,(anonymous_2)
FNF:3
FNH:0
FNDA:0,(anonymous_0)
FNDA:0,(anonymous_1)
FNDA:0,(anonymous_2)
DA:11,1
DA:18,1
DA:21,0
DA:22,0
DA:23,0
DA:25,0
DA:26,0
DA:31,1
DA:37,0
LF:9
LH:3
BRDA:26,0,0,0
BRDA:26,0,1,0
BRF:2
BRH:0
end_of_record
